<?xml version="1.0" encoding="utf-8"?><testsuites name="pytest tests"><testsuite name="pytest" errors="0" failures="0" skipped="0" tests="9" time="2.166" timestamp="2026-07-28T08:46:08.101326+00:00" hostname="agent-env-dcee11ab-3f52-4a6a-8dc0-b58c285d61ad"><testcase classname="tests.backend_test_iter4_auth.TestAuthBootstrap" name="test_00_precondition_users_empty" time="0.006" /><testcase classname="tests.backend_test_iter4_auth.TestAuthBootstrap" name="test_01_bootstrap_creates_admin_and_sets_cookie" time="0.107" /><testcase classname="tests.backend_test_iter4_auth.TestAuthBootstrap" name="test_02_me_with_bearer_returns_admin" time="0.002" /><testcase classname="tests.backend_test_iter4_auth.TestAuthBootstrap" name="test_03_stranger_email_rejected" time="0.005" /><testcase classname="tests.backend_test_iter4_auth.TestAuthBootstrap" name="test_04_admin_creates_invitee_then_invitee_can_login" time="0.009" /><testcase classname="tests.backend_test_iter4_auth.TestAuthBootstrap" name="test_05_deactivated_user_cannot_login" time="0.005" /><testcase classname="tests.backend_test_iter4_auth.TestAuthBootstrap" name="test_06_relogin_refreshes_name" time="0.003" /><testcase classname="tests.backend_test_iter4_auth.TestAuthBootstrap" name="test_07_expired_session_401" time="0.002" /><testcase classname="tests.backend_test_iter4_auth.TestAuthBootstrap" name="test_08_demo_data_intact_projects_and_units" time="0.008" /></testsuite></testsuites>