<?xml version="1.0" encoding="utf-8"?><testsuites name="pytest tests"><testsuite name="pytest" errors="0" failures="0" skipped="0" tests="11" time="15.103" timestamp="2026-07-28T10:06:04.160311+00:00" hostname="agent-env-dcee11ab-3f52-4a6a-8dc0-b58c285d61ad"><testcase classname="tests.backend_test_iter7.TestRegression" name="test_dashboard_summary" time="0.617" /><testcase classname="tests.backend_test_iter7.TestRegression" name="test_users_list" time="0.135" /><testcase classname="tests.backend_test_iter7.TestProjectImageUpload" name="test_upload_and_download" time="1.779" /><testcase classname="tests.backend_test_iter7.TestRegression" name="test_projects_list" time="0.602" /><testcase classname="tests.backend_test_iter7.TestRegression" name="test_revenue_targets" time="0.191" /><testcase classname="tests.backend_test_iter7.TestDashboardConfig" name="test_get_initial_empty" time="6.640" /><testcase classname="tests.backend_test_iter7.TestProjectImageUpload" name="test_upload_nonexistent_project_404" time="3.048" /><testcase classname="tests.backend_test_iter7.TestProjectImageUpload" name="test_upload_requires_admin" time="3.938" /><testcase classname="tests.backend_test_iter7.TestDashboardConfig" name="test_patch_persists_order" time="3.768" /><testcase classname="tests.backend_test_iter7.TestSMTPInvite" name="test_invite_returns_email_sent_flag_no_500" time="1.650" /><testcase classname="tests.backend_test_iter7.TestDashboardConfig" name="test_patch_empty_persists" time="2.655" /></testsuite></testsuites>