<?xml version="1.0" encoding="utf-8"?><testsuites name="pytest tests"><testsuite name="pytest" errors="0" failures="0" skipped="0" tests="16" time="3.639" timestamp="2026-07-28T07:36:31.679130+00:00" hostname="agent-env-dcee11ab-3f52-4a6a-8dc0-b58c285d61ad"><testcase classname="tests.backend_test_iter3.TestTargetsCRUD" name="test_create_target_admin" time="0.363" /><testcase classname="tests.backend_test_iter3.TestTargetsCRUD" name="test_upsert_same_period_returns_same_id" time="0.226" /><testcase classname="tests.backend_test_iter3.TestTargetsCRUD" name="test_create_target_missing_project_404" time="0.167" /><testcase classname="tests.backend_test_iter3.TestTargetsCRUD" name="test_create_target_forbidden_for_accounts" time="0.103" /><testcase classname="tests.backend_test_iter3.TestTargetsCRUD" name="test_create_target_forbidden_for_site_manager" time="0.146" /><testcase classname="tests.backend_test_iter3.TestTargetsCRUD" name="test_create_target_forbidden_for_management" time="0.104" /><testcase classname="tests.backend_test_iter3.TestTargetsCRUD" name="test_list_filters" time="0.206" /><testcase classname="tests.backend_test_iter3.TestTargetsCRUD" name="test_delete_admin_only" time="0.408" /><testcase classname="tests.backend_test_iter3.TestVariance" name="test_variance_shape_and_sorted" time="1.481" /><testcase classname="tests.backend_test_iter3.TestVariance" name="test_variance_math_current_month" time="0.099" /><testcase classname="tests.backend_test_iter3.TestVariance" name="test_variance_math_last_month" time="0.105" /><testcase classname="tests.backend_test_iter3.TestVariance" name="test_variance_pct_null_when_target_zero" time="0.243" /><testcase classname="tests.backend_test_iter3.TestDashboardPeriodTargets" name="test_summary_has_period_targets" time="0.117" /><testcase classname="tests.backend_test_iter3.TestDashboardPeriodTargets" name="test_site_manager_summary_scoped" time="0.115" /><testcase classname="tests.backend_test_iter3.TestVariance" name="test_variance_quarterly_period_key_format" time="0.120" /><testcase classname="tests.backend_test_iter3.TestTargetScope" name="test_site_manager_list_scoped" time="0.419" /></testsuite></testsuites>