<?xml version="1.0" encoding="utf-8"?><testsuites name="pytest tests"><testsuite name="pytest" errors="0" failures="0" skipped="0" tests="21" time="77.758" timestamp="2026-07-28T09:29:35.218712+00:00" hostname="agent-env-dcee11ab-3f52-4a6a-8dc0-b58c285d61ad"><testcase classname="tests.backend_test_iter5.TestAuth" name="test_login_admin_success" time="0.391" /><testcase classname="tests.backend_test_iter5.TestBulkUnits" name="test_template_xlsx" time="1.311" /><testcase classname="tests.backend_test_iter5.TestAuth" name="test_auth_me_with_bearer" time="0.861" /><testcase classname="tests.backend_test_iter5.TestAuth" name="test_auth_me_no_token" time="0.507" /><testcase classname="tests.backend_test_iter5.TestBulkUnits" name="test_bulk_import_xlsx" time="0.552" /><testcase classname="tests.backend_test_iter5.TestAuth" name="test_brute_force_lockout" time="2.215" /><testcase classname="tests.backend_test_iter5.TestBulkUnits" name="test_bulk_import_csv" time="0.099" /><testcase classname="tests.backend_test_iter5.TestBulkUnits" name="test_bulk_import_missing_unit_number_error" time="0.104" /><testcase classname="tests.backend_test_iter5.TestOnboarding" name="test_status_shape" time="0.112" /><testcase classname="tests.backend_test_iter5.TestOnboarding" name="test_complete_marks_user" time="0.987" /><testcase classname="tests.backend_test_iter5.TestProjectTypes" name="test_types_returned" time="0.539" /><testcase classname="tests.backend_test_iter5.TestProjectTypes" name="test_create_plot_with_extended_fields" time="1.122" /><testcase classname="tests.backend_test_iter5.TestRegression" name="test_dashboard_summary" time="0.459" /><testcase classname="tests.backend_test_iter5.TestRegression" name="test_revenue_targets" time="1.151" /><testcase classname="tests.backend_test_iter5.TestUsersEndpoint" name="test_password_hash_never_returned" time="0.451" /><testcase classname="tests.backend_test_iter5.TestUsersEndpoint" name="test_patch_user" time="68.873" /><testcase classname="tests.backend_test_iter5.TestRegression" name="test_exports_units" time="35.881" /><testcase classname="tests.backend_test_iter5.TestRegression" name="test_expense_flow" time="0.409" /><testcase classname="tests.backend_test_iter5.TestSiteManagerScope" name="test_site_manager_sees_only_own_projects" time="1.938" /><testcase classname="tests.backend_test_iter5.TestChangePasswordFlow" name="test_create_user_and_change_password" time="2.436" /><testcase classname="tests.backend_test_iter5.TestDashboardConfig" name="test_get_and_patch" time="0.303" /></testsuite></testsuites>