<?xml version="1.0" encoding="utf-8"?><testsuites name="pytest tests"><testsuite name="pytest" errors="0" failures="0" skipped="0" tests="5" time="9.885" timestamp="2026-08-01T11:20:00.417690+00:00" hostname="agent-env-dcee11ab-3f52-4a6a-8dc0-b58c285d61ad"><testcase classname="tests.backend_test_iter12_seed_selfheal" name="test_source_defaults_match_user_admin" time="0.002" /><testcase classname="tests.backend_test_iter12_seed_selfheal" name="test_startup_reactivates_and_clears_lockout" time="3.192" /><testcase classname="tests.backend_test_iter12_seed_selfheal" name="test_seed_does_not_overwrite_existing_password" time="3.476" /><testcase classname="tests.backend_test_iter12_seed_selfheal" name="test_startup_safe_when_no_lockout_entry" time="2.389" /><testcase classname="tests.backend_test_iter12_seed_selfheal" name="test_admin_login_returns_token_and_must_reset" time="0.319" /></testsuite></testsuites>