<?xml version="1.0" encoding="utf-8"?><testsuites name="pytest tests"><testsuite name="pytest" errors="0" failures="1" skipped="0" tests="19" time="4.960" timestamp="2026-07-28T07:16:46.482920+00:00" hostname="agent-env-dcee11ab-3f52-4a6a-8dc0-b58c285d61ad"><testcase classname="tests.backend_test_iter2.TestPublicSettings" name="test_public_settings_no_auth" time="0.270" /><testcase classname="tests.backend_test_iter2.TestBulkUnits" name="test_bulk_create_with_pad_and_skip" time="0.305"><failure message="assert 9 == 10">backend/tests/backend_test_iter2.py:110: in test_bulk_create_with_pad_and_skip
    assert d["created"] == 10
E   assert 9 == 10</failure></testcase><testcase classname="tests.backend_test_iter2.TestBulkUnits" name="test_bulk_cap_500" time="0.110" /><testcase classname="tests.backend_test_iter2.TestBulkUnits" name="test_bulk_requires_admin" time="0.108" /><testcase classname="tests.backend_test_iter2.TestReserveWorkflow" name="test_reserve_and_release_flow" time="0.467" /><testcase classname="tests.backend_test_iter2.TestReserveWorkflow" name="test_release_non_reserved_400" time="0.197" /><testcase classname="tests.backend_test_iter2.TestReserveWorkflow" name="test_sell_clears_reservation" time="0.366" /><testcase classname="tests.backend_test_iter2.TestReserveWorkflow" name="test_reserve_sold_unit_400" time="0.314" /><testcase classname="tests.backend_test_iter2.TestReserveWorkflow" name="test_reserve_requires_admin" time="0.192" /><testcase classname="tests.backend_test_iter2.TestExports" name="test_export_units_xlsx" time="0.122" /><testcase classname="tests.backend_test_iter2.TestExports" name="test_export_expenses_xlsx" time="0.110" /><testcase classname="tests.backend_test_iter2.TestExports" name="test_export_payments_xlsx" time="0.100" /><testcase classname="tests.backend_test_iter2.TestExports" name="test_export_stock_xlsx" time="0.110" /><testcase classname="tests.backend_test_iter2.TestLogo" name="test_upload_logo_admin" time="0.637" /><testcase classname="tests.backend_test_iter2.TestLogo" name="test_settings_updated_with_logo" time="0.108" /><testcase classname="tests.backend_test_iter2.TestLogo" name="test_public_settings_returns_logo" time="0.098" /><testcase classname="tests.backend_test_iter2.TestLogo" name="test_logo_download_no_auth" time="0.513" /><testcase classname="tests.backend_test_iter2.TestLogo" name="test_logo_upload_forbidden_for_sitemgr" time="0.097" /><testcase classname="tests.backend_test_iter2.TestTopVendors" name="test_top_vendors_present" time="0.566" /></testsuite></testsuites>