<?xml version="1.0" encoding="utf-8"?><testsuites name="pytest tests"><testsuite name="pytest" errors="0" failures="0" skipped="0" tests="22" time="16.233" timestamp="2026-08-01T08:17:43.326367+00:00" hostname="agent-env-dcee11ab-3f52-4a6a-8dc0-b58c285d61ad"><testcase classname="tests.backend_test_iter9.TestAuthMe" name="test_me_after_reset" time="0.475" /><testcase classname="tests.backend_test_iter9.TestOnboarding" name="test_status_has_7_steps" time="0.093" /><testcase classname="tests.backend_test_iter9.TestUsersRoles" name="test_create_user_with_role[management]" time="1.000" /><testcase classname="tests.backend_test_iter9.TestUsersRoles" name="test_create_user_with_role[accounts]" time="0.986" /><testcase classname="tests.backend_test_iter9.TestUsersRoles" name="test_create_user_with_role[sales]" time="0.927" /><testcase classname="tests.backend_test_iter9.TestUsersRoles" name="test_create_user_with_role[crm]" time="0.993" /><testcase classname="tests.backend_test_iter9.TestUsersRoles" name="test_create_user_with_role[site_manager]" time="0.969" /><testcase classname="tests.backend_test_iter9.TestUsersRoles" name="test_reject_bad_role" time="0.131" /><testcase classname="tests.backend_test_iter9.TestProjects" name="test_project_types_schema" time="0.093" /><testcase classname="tests.backend_test_iter9.TestProjects" name="test_create_residential" time="0.088" /><testcase classname="tests.backend_test_iter9.TestProjects" name="test_reject_villa_type" time="0.095" /><testcase classname="tests.backend_test_iter9.TestPaymentTemplates" name="test_create_template_sum_100" time="0.100" /><testcase classname="tests.backend_test_iter9.TestPaymentTemplates" name="test_reject_not_100" time="0.097" /><testcase classname="tests.backend_test_iter9.TestPaymentTemplates" name="test_list" time="0.093" /><testcase classname="tests.backend_test_iter9.TestSaleFlow" name="test_create_unit" time="0.101" /><testcase classname="tests.backend_test_iter9.TestSaleFlow" name="test_sell_unit" time="5.990" /><testcase classname="tests.backend_test_iter9.TestSaleFlow" name="test_double_sell_rejected" time="0.113" /><testcase classname="tests.backend_test_iter9.TestSaleFlow" name="test_create_schedule" time="0.199" /><testcase classname="tests.backend_test_iter9.TestSaleFlow" name="test_initiate_and_reflect" time="0.480" /><testcase classname="tests.backend_test_iter9.TestTickets" name="test_create_and_resolve" time="0.195" /><testcase classname="tests.backend_test_iter9.TestBulkImport" name="test_download_template" time="0.111" /><testcase classname="tests.backend_test_iter9.TestRBAC" name="test_sales_cannot_create_project" time="2.828" /></testsuite></testsuites>