<?xml version="1.0" encoding="utf-8"?><testsuites name="pytest tests"><testsuite name="pytest" errors="0" failures="0" skipped="0" tests="24" time="91.946" timestamp="2026-08-04T10:52:01.844671+00:00" hostname="agent-env-dcee11ab-3f52-4a6a-8dc0-b58c285d61ad"><testcase classname="tests.backend_test_iter14_wave2.TestCancellationWorkflow" name="test_request_cancellation_on_available_unit_rejected" time="1.054" /><testcase classname="tests.backend_test_iter14_wave2.TestCancellationWorkflow" name="test_zero_paid_approve_auto_refund_complete" time="33.056" /><testcase classname="tests.backend_test_iter14_wave2.TestMaterialRequests" name="test_create_by_site_supervisor" time="30.252" /><testcase classname="tests.backend_test_iter14_wave2.TestMaterialRequests" name="test_empty_items_rejected" time="0.223" /><testcase classname="tests.backend_test_iter14_wave2.TestMaterialRequests" name="test_full_chain_approve" time="3.681" /><testcase classname="tests.backend_test_iter14_wave2.TestCancellationWorkflow" name="test_duplicate_cancellation_rejected" time="7.630" /><testcase classname="tests.backend_test_iter14_wave2.TestMaterialRequests" name="test_reject_at_crm" time="1.977" /><testcase classname="tests.backend_test_iter14_wave2.TestMaterialRequests" name="test_return_at_crm_no_advance" time="2.942" /><testcase classname="tests.backend_test_iter14_wave2.TestMaterialRequests" name="test_return_at_admin_sends_back_to_crm" time="2.674" /><testcase classname="tests.backend_test_iter14_wave2.TestCancellationWorkflow" name="test_paid_gt_zero_pending_refund_then_complete" time="31.642" /><testcase classname="tests.backend_test_iter14_wave2.TestMaterialRequests" name="test_crm_head_cannot_final" time="5.005" /><testcase classname="tests.backend_test_iter14_wave2.TestMaterialRequests" name="test_sales_rep_cannot_create" time="0.216" /><testcase classname="tests.backend_test_iter14_wave2.TestReminderCron" name="test_no_auth_401" time="0.094" /><testcase classname="tests.backend_test_iter14_wave2.TestReminderCron" name="test_wrong_bearer_401" time="0.155" /><testcase classname="tests.backend_test_iter14_wave2.TestReminderCron" name="test_correct_bearer_200" time="0.092" /><testcase classname="tests.backend_test_iter14_wave2.TestReminderCron" name="test_run_now_super_admin" time="0.097" /><testcase classname="tests.backend_test_iter14_wave2.TestReminderCron" name="test_run_now_non_super_admin_forbidden" time="0.092" /><testcase classname="tests.backend_test_iter14_wave2.TestHealth" name="test_api_health" time="0.084" /><testcase classname="tests.backend_test_iter14_wave2.TestHealth" name="test_root_health" time="0.095" /><testcase classname="tests.backend_test_iter14_wave2.TestReminderIdempotencyAndFire" name="test_fires_and_is_idempotent" time="25.828" /><testcase classname="tests.backend_test_iter14_wave2.TestCancellationWorkflow" name="test_reject_rolls_unit_back" time="5.147" /><testcase classname="tests.backend_test_iter14_wave2.TestCronsYml" name="test_crons_yml_exists_and_valid" time="0.010" /><testcase classname="tests.backend_test_iter14_wave2.TestCancellationWorkflow" name="test_sales_rep_cannot_sales_review" time="5.363" /><testcase classname="tests.backend_test_iter14_wave2.TestCancellationWorkflow" name="test_crm_head_cannot_record_refund" time="7.728" /></testsuite></testsuites>