<?xml version="1.0" encoding="utf-8"?><testsuites name="pytest tests"><testsuite name="pytest" errors="0" failures="0" skipped="0" tests="18" time="13.416" timestamp="2026-08-01T09:23:36.067214+00:00" hostname="agent-env-dcee11ab-3f52-4a6a-8dc0-b58c285d61ad"><testcase classname="tests.backend_test_iter10.TestAdminUserFlows" name="test_list_users" time="0.965" /><testcase classname="tests.backend_test_iter10.TestAdminUserFlows" name="test_create_invite_returns_temp_password" time="2.231" /><testcase classname="tests.backend_test_iter10.TestAdminUserFlows" name="test_reset_password" time="3.216" /><testcase classname="tests.backend_test_iter10.TestAdminUserFlows" name="test_patch_user" time="1.813" /><testcase classname="tests.backend_test_iter10.TestManagementGuards" name="test_mgmt_can_list_users" time="6.459" /><testcase classname="tests.backend_test_iter10.TestManagementGuards" name="test_mgmt_can_invite_nonadmin" time="1.766" /><testcase classname="tests.backend_test_iter10.TestManagementGuards" name="test_mgmt_cannot_create_admin" time="0.045" /><testcase classname="tests.backend_test_iter10.TestAdminUserFlows" name="test_deactivate_and_reactivate" time="0.214" /><testcase classname="tests.backend_test_iter10.TestManagementGuards" name="test_mgmt_cannot_edit_admin" time="0.043" /><testcase classname="tests.backend_test_iter10.TestManagementGuards" name="test_mgmt_cannot_reset_admin" time="0.083" /><testcase classname="tests.backend_test_iter10.TestManagementGuards" name="test_mgmt_cannot_deactivate_admin" time="0.043" /><testcase classname="tests.backend_test_iter10.TestAdminUserFlows" name="test_admin_cannot_self_deactivate" time="0.043" /><testcase classname="tests.backend_test_iter10.TestManagementGuards" name="test_mgmt_cannot_promote_to_admin" time="2.177" /><testcase classname="tests.backend_test_iter10.TestProfile" name="test_patch_me_profile_name_phone" time="3.530" /><testcase classname="tests.backend_test_iter10.TestProfile" name="test_patch_me_profile_ignores_disallowed_keys" time="0.042" /><testcase classname="tests.backend_test_iter10.TestProfile" name="test_patch_me_profile_persists" time="0.082" /><testcase classname="tests.backend_test_iter10.TestProfile" name="test_change_password_wrong_current" time="0.264" /><testcase classname="tests.backend_test_iter10.TestProfile" name="test_change_password_success" time="0.708" /></testsuite></testsuites>