<?xml version="1.0" encoding="utf-8"?><testsuites name="pytest tests"><testsuite name="pytest" errors="0" failures="0" skipped="0" tests="6" time="8.874" timestamp="2026-08-01T10:59:04.273024+00:00" hostname="agent-env-dcee11ab-3f52-4a6a-8dc0-b58c285d61ad"><testcase classname="tests.backend_test_iter11_lockout" name="test_first_wrong_password_is_401_not_429" time="0.466" /><testcase classname="tests.backend_test_iter11_lockout" name="test_lockout_triggers_and_message_has_specific_minutes" time="1.793" /><testcase classname="tests.backend_test_iter11_lockout" name="test_correct_password_still_locked_during_cooldown" time="1.685" /><testcase classname="tests.backend_test_iter11_lockout" name="test_forgot_password_clears_lockout_and_rotates_password" time="3.635" /><testcase classname="tests.backend_test_iter11_lockout" name="test_cooldown_expiry_resets_counter" time="0.321" /><testcase classname="tests.backend_test_iter11_lockout" name="test_admin_login_success_returns_token_and_must_reset" time="0.317" /></testsuite></testsuites>