<?xml version="1.0" encoding="utf-8"?><testsuites name="pytest tests"><testsuite name="pytest" errors="0" failures="0" skipped="0" tests="20" time="113.707" timestamp="2026-08-04T10:16:54.826634+00:00" hostname="agent-env-dcee11ab-3f52-4a6a-8dc0-b58c285d61ad"><testcase classname="tests.backend_test_iter13_wave1.TestAuthAndRoles" name="test_super_admin_login" time="0.833" /><testcase classname="tests.backend_test_iter13_wave1.TestAuthAndRoles" name="test_create_all_9_roles" time="11.113" /><testcase classname="tests.backend_test_iter13_wave1.TestAuthAndRoles" name="test_list_users_returns_created" time="0.118" /><testcase classname="tests.backend_test_iter13_wave1.TestSaleApprovalTwoStep" name="test_sales_rep_booking_pending" time="15.070" /><testcase classname="tests.backend_test_iter13_wave1.TestSaleApprovalTwoStep" name="test_sales_head_self_approve" time="11.246" /><testcase classname="tests.backend_test_iter13_wave1.TestSaleApprovalTwoStep" name="test_sale_reject_clears_owner" time="4.361" /><testcase classname="tests.backend_test_iter13_wave1.TestSaleApprovalTwoStep" name="test_sales_rep_cannot_review" time="3.775" /><testcase classname="tests.backend_test_iter13_wave1.TestPaymentThreeStep" name="test_full_flow_claim_verify_approve_paid" time="11.464" /><testcase classname="tests.backend_test_iter13_wave1.TestPaymentThreeStep" name="test_verify_not_reflected" time="12.119" /><testcase classname="tests.backend_test_iter13_wave1.TestPaymentThreeStep" name="test_partial_payment" time="12.036" /><testcase classname="tests.backend_test_iter13_wave1.TestPaymentThreeStep" name="test_promise_to_pay" time="10.885" /><testcase classname="tests.backend_test_iter13_wave1.TestPaymentThreeStep" name="test_accounts_rep_cannot_approve" time="11.596" /><testcase classname="tests.backend_test_iter13_wave1.TestRBACUsers" name="test_process_admin_cannot_create_super_admin" time="0.184" /><testcase classname="tests.backend_test_iter13_wave1.TestRBACUsers" name="test_process_admin_cannot_delete_super_admin" time="0.184" /><testcase classname="tests.backend_test_iter13_wave1.TestRBACUsers" name="test_process_admin_cannot_promote_to_super_admin" time="0.094" /><testcase classname="tests.backend_test_iter13_wave1.TestOnboarding" name="test_status_returns_7_steps_and_counts" time="0.094" /><testcase classname="tests.backend_test_iter13_wave1.TestUnitStatusLiteral" name="test_all_14_statuses_in_source" time="0.472" /><testcase classname="tests.backend_test_iter13_wave1.TestRegressionAuth" name="test_forgot_password_public" time="0.099" /><testcase classname="tests.backend_test_iter13_wave1.TestRegressionAuth" name="test_me_profile_get" time="0.095" /><testcase classname="tests.backend_test_iter13_wave1.TestRegressionAuth" name="test_login_lockout_after_5_fails" time="7.791" /></testsuite></testsuites>