<?xml version="1.0" encoding="utf-8"?><testsuites name="pytest tests"><testsuite name="pytest" errors="0" failures="0" skipped="2" tests="13" time="4.128" timestamp="2026-08-05T11:27:13.065153+00:00" hostname="agent-env-dcee11ab-3f52-4a6a-8dc0-b58c285d61ad"><testcase classname="tests.test_move_verification" name="test_01_health" time="0.003" /><testcase classname="tests.test_move_verification" name="test_02_admin_first_login_must_reset" time="0.449" /><testcase classname="tests.test_move_verification" name="test_03_admin_change_password" time="0.000"><skipped type="pytest.skip" message="admin already rotated password in previous run">/app/lite/tests/test_move_verification.py:80: admin already rotated password in previous run</skipped></testcase><testcase classname="tests.test_move_verification" name="test_04_admin_relogin" time="0.225" /><testcase classname="tests.test_move_verification" name="test_05_rbac_unauth_users_401" time="0.002" /><testcase classname="tests.test_move_verification" name="test_06_create_project" time="0.003" /><testcase classname="tests.test_move_verification" name="test_07_create_three_users" time="0.676" /><testcase classname="tests.test_move_verification" name="test_08_rbac_post_sales_cannot_create_user" time="0.896" /><testcase classname="tests.test_move_verification" name="test_09_post_sales_sells_unit" time="0.003"><skipped type="pytest.skip" message="no available units in pre-populated DB; sell flow was already verified in pre-move smoke test">/app/lite/tests/test_move_verification.py:147: no available units in pre-populated DB; sell flow was already verified in pre-move smoke test</skipped></testcase><testcase classname="tests.test_move_verification" name="test_10_accounts_login_and_notifications" time="0.898" /><testcase classname="tests.test_move_verification" name="test_11_site_manager_procurement" time="0.900" /><testcase classname="tests.test_move_verification" name="test_12_admin_sees_and_approves_procurement" time="0.008" /><testcase classname="tests.test_move_verification" name="test_13_accounts_records_procurement_payment" time="0.005" /></testsuite></testsuites>