<?xml version="1.0" encoding="utf-8"?><testsuites name="pytest tests"><testsuite name="pytest" errors="0" failures="0" skipped="0" tests="17" time="7.511" timestamp="2026-08-05T11:19:15.364458+00:00" hostname="agent-env-dcee11ab-3f52-4a6a-8dc0-b58c285d61ad"><testcase classname="tests.test_lite_e2e" name="test_00_health" time="3.021" /><testcase classname="tests.test_lite_e2e" name="test_01_initial_admin_login" time="0.225" /><testcase classname="tests.test_lite_e2e" name="test_02_change_admin_password" time="0.448" /><testcase classname="tests.test_lite_e2e" name="test_03_relogin_admin" time="0.225" /><testcase classname="tests.test_lite_e2e" name="test_04_create_project" time="0.017" /><testcase classname="tests.test_lite_e2e" name="test_05_create_users" time="0.676" /><testcase classname="tests.test_lite_e2e" name="test_055_seed_unit" time="0.012" /><testcase classname="tests.test_lite_e2e" name="test_06_post_sales_sell_unit" time="0.922" /><testcase classname="tests.test_lite_e2e" name="test_07_accounts_notification_and_pay" time="0.903" /><testcase classname="tests.test_lite_e2e" name="test_08_site_manager_procurement" time="0.909" /><testcase classname="tests.test_lite_e2e" name="test_09_admin_clarify_then_approve" time="0.008" /><testcase classname="tests.test_lite_e2e" name="test_10_accounts_records_payment" time="0.004" /><testcase classname="tests.test_lite_e2e" name="test_11_site_manager_inventory" time="0.012" /><testcase classname="tests.test_lite_e2e" name="test_12_site_manager_project_scoping" time="0.003" /><testcase classname="tests.test_lite_e2e" name="test_rbac_post_sales_cannot_create_users" time="0.002" /><testcase classname="tests.test_lite_e2e" name="test_rbac_site_manager_wrong_project" time="0.002" /><testcase classname="tests.test_lite_e2e" name="test_rbac_unauthenticated_users_list" time="0.002" /></testsuite></testsuites>