<?xml version="1.0" encoding="utf-8"?><testsuites name="pytest tests"><testsuite name="pytest" errors="0" failures="1" skipped="0" tests="28" time="4.000" timestamp="2026-07-28T06:56:10.844790+00:00" hostname="agent-env-dcee11ab-3f52-4a6a-8dc0-b58c285d61ad"><testcase classname="tests.backend_test.TestAuth" name="test_settings_requires_auth" time="0.307" /><testcase classname="tests.backend_test.TestAuth" name="test_me_with_token" time="0.108" /><testcase classname="tests.backend_test.TestExpenses" name="test_sitemgr_raises_small_expense_auto_finalises" time="0.634" /><testcase classname="tests.backend_test.TestAuth" name="test_me_invalid_token" time="0.144" /><testcase classname="tests.backend_test.TestAuth" name="test_settings_with_auth" time="0.101" /><testcase classname="tests.backend_test.TestExpenses" name="test_large_expense_requires_management" time="0.451" /><testcase classname="tests.backend_test.TestProjects" name="test_admin_list" time="0.225" /><testcase classname="tests.backend_test.TestProjects" name="test_sitemgr_cannot_create" time="0.168" /><testcase classname="tests.backend_test.TestProjects" name="test_sitemgr_sees_only_assigned" time="0.246" /><testcase classname="tests.backend_test.TestExpenses" name="test_rejection_flow" time="0.205" /><testcase classname="tests.backend_test.TestExpenses" name="test_reject_without_reason_400" time="0.202" /><testcase classname="tests.backend_test.TestUnits" name="test_create_unit_type_and_unit" time="0.281" /><testcase classname="tests.backend_test.TestExpenses" name="test_sitemgr_cannot_raise_on_other_project" time="0.097" /><testcase classname="tests.backend_test.TestUnits" name="test_list_units" time="0.100" /><testcase classname="tests.backend_test.TestUsers" name="test_admin_creates_user" time="0.143"><failure message="AssertionError: assert 'test_new_527b4e@example.com' == 'TEST_new_527b4e@example.com'&#10;  &#10;  - TEST_new_527b4e@example.com&#10;  ? ^^^^&#10;  + test_new_527b4e@example.com&#10;  ? ^^^^">backend/tests/backend_test.py:323: in test_admin_creates_user
    assert u["email"] == email
E   AssertionError: assert 'test_new_527b4e@example.com' == 'TEST_new_527b4e@example.com'
E     
E     - TEST_new_527b4e@example.com
E     ? ^^^^
E     + test_new_527b4e@example.com
E     ? ^^^^</failure></testcase><testcase classname="tests.backend_test.TestUnits" name="test_mark_unit_sold" time="0.103" /><testcase classname="tests.backend_test.TestUsers" name="test_sitemgr_cannot_list_users" time="0.095" /><testcase classname="tests.backend_test.TestPayments" name="test_accounts_records_payment" time="0.138" /><testcase classname="tests.backend_test.TestUsers" name="test_sitemgr_cannot_create_users" time="0.094" /><testcase classname="tests.backend_test.TestPayments" name="test_revenue_summary" time="0.101" /><testcase classname="tests.backend_test.TestExcel" name="test_template_download" time="0.107" /><testcase classname="tests.backend_test.TestAuditAndSearch" name="test_audit_logs" time="0.104" /><testcase classname="tests.backend_test.TestExcel" name="test_import_projects" time="0.107" /><testcase classname="tests.backend_test.TestAuditAndSearch" name="test_search" time="0.099" /><testcase classname="tests.backend_test.TestNotifications" name="test_notifications_listed" time="0.106" /><testcase classname="tests.backend_test.TestStock" name="test_stock_flow_and_closing" time="0.457" /><testcase classname="tests.backend_test.TestSettings" name="test_patch_settings" time="0.244" /><testcase classname="tests.backend_test.TestDashboard" name="test_summary" time="0.102" /></testsuite></testsuites>